Analysis & Synthesis report for VHDLstart03
Thu Feb 22 16:06:23 2024
Quartus II 64-Bit Version 13.1.0 Build 162 10/23/2013 SJ Full Version


---------------------
; Table of Contents ;
---------------------
  1. Legal Notice
  2. Analysis & Synthesis Summary
  3. Analysis & Synthesis Settings
  4. Parallel Compilation
  5. Analysis & Synthesis Source Files Read
  6. Analysis & Synthesis Resource Usage Summary
  7. Analysis & Synthesis Resource Utilization by Entity
  8. State Machine - |VHDLstart03|ReceiverUART:inst6|stateUART
  9. State Machine - |VHDLstart03|TransmitterUART:inst15|stateUART
 10. User-Specified and Inferred Latches
 11. Registers Removed During Synthesis
 12. Removed Registers Triggering Further Register Optimizations
 13. General Register Statistics
 14. Inverted Register Statistics
 15. Multiplexer Restructuring Statistics (Restructuring Performed)
 16. Elapsed Time Per Partition
 17. Analysis & Synthesis Messages



----------------
; Legal Notice ;
----------------
Copyright (C) 1991-2013 Altera Corporation
Your use of Altera Corporation's design tools, logic functions 
and other software and tools, and its AMPP partner logic 
functions, and any output files from any of the foregoing 
(including device programming or simulation files), and any 
associated documentation or information are expressly subject 
to the terms and conditions of the Altera Program License 
Subscription Agreement, Altera MegaCore Function License 
Agreement, or other applicable license agreement, including, 
without limitation, that your use is for the sole purpose of 
programming logic devices manufactured by Altera and sold by 
Altera or its authorized distributors.  Please refer to the 
applicable agreement for further details.



+----------------------------------------------------------------------------------+
; Analysis & Synthesis Summary                                                     ;
+------------------------------------+---------------------------------------------+
; Analysis & Synthesis Status        ; Successful - Thu Feb 22 16:06:23 2024       ;
; Quartus II 64-Bit Version          ; 13.1.0 Build 162 10/23/2013 SJ Full Version ;
; Revision Name                      ; VHDLstart03                                 ;
; Top-level Entity Name              ; VHDLstart03                                 ;
; Family                             ; Cyclone IV E                                ;
; Total logic elements               ; 182                                         ;
;     Total combinational functions  ; 153                                         ;
;     Dedicated logic registers      ; 109                                         ;
; Total registers                    ; 109                                         ;
; Total pins                         ; 20                                          ;
; Total virtual pins                 ; 0                                           ;
; Total memory bits                  ; 0                                           ;
; Embedded Multiplier 9-bit elements ; 0                                           ;
; Total PLLs                         ; 0                                           ;
+------------------------------------+---------------------------------------------+


+----------------------------------------------------------------------------------------------------------------------+
; Analysis & Synthesis Settings                                                                                        ;
+----------------------------------------------------------------------------+--------------------+--------------------+
; Option                                                                     ; Setting            ; Default Value      ;
+----------------------------------------------------------------------------+--------------------+--------------------+
; Device                                                                     ; EP4CE10E22C8       ;                    ;
; Top-level entity name                                                      ; VHDLstart03        ; VHDLstart03        ;
; Family name                                                                ; Cyclone IV E       ; Cyclone IV GX      ;
; Use smart compilation                                                      ; Off                ; Off                ;
; Enable parallel Assembler and TimeQuest Timing Analyzer during compilation ; On                 ; On                 ;
; Enable compact report table                                                ; Off                ; Off                ;
; Restructure Multiplexers                                                   ; Auto               ; Auto               ;
; Create Debugging Nodes for IP Cores                                        ; Off                ; Off                ;
; Preserve fewer node names                                                  ; On                 ; On                 ;
; Disable OpenCore Plus hardware evaluation                                  ; Off                ; Off                ;
; Verilog Version                                                            ; Verilog_2001       ; Verilog_2001       ;
; VHDL Version                                                               ; VHDL_1993          ; VHDL_1993          ;
; State Machine Processing                                                   ; Auto               ; Auto               ;
; Safe State Machine                                                         ; Off                ; Off                ;
; Extract Verilog State Machines                                             ; On                 ; On                 ;
; Extract VHDL State Machines                                                ; On                 ; On                 ;
; Ignore Verilog initial constructs                                          ; Off                ; Off                ;
; Iteration limit for constant Verilog loops                                 ; 5000               ; 5000               ;
; Iteration limit for non-constant Verilog loops                             ; 250                ; 250                ;
; Add Pass-Through Logic to Inferred RAMs                                    ; On                 ; On                 ;
; Infer RAMs from Raw Logic                                                  ; On                 ; On                 ;
; Parallel Synthesis                                                         ; On                 ; On                 ;
; DSP Block Balancing                                                        ; Auto               ; Auto               ;
; NOT Gate Push-Back                                                         ; On                 ; On                 ;
; Power-Up Don't Care                                                        ; On                 ; On                 ;
; Remove Redundant Logic Cells                                               ; Off                ; Off                ;
; Remove Duplicate Registers                                                 ; On                 ; On                 ;
; Ignore CARRY Buffers                                                       ; Off                ; Off                ;
; Ignore CASCADE Buffers                                                     ; Off                ; Off                ;
; Ignore GLOBAL Buffers                                                      ; Off                ; Off                ;
; Ignore ROW GLOBAL Buffers                                                  ; Off                ; Off                ;
; Ignore LCELL Buffers                                                       ; Off                ; Off                ;
; Ignore SOFT Buffers                                                        ; On                 ; On                 ;
; Limit AHDL Integers to 32 Bits                                             ; Off                ; Off                ;
; Optimization Technique                                                     ; Balanced           ; Balanced           ;
; Carry Chain Length                                                         ; 70                 ; 70                 ;
; Auto Carry Chains                                                          ; On                 ; On                 ;
; Auto Open-Drain Pins                                                       ; On                 ; On                 ;
; Perform WYSIWYG Primitive Resynthesis                                      ; Off                ; Off                ;
; Auto ROM Replacement                                                       ; On                 ; On                 ;
; Auto RAM Replacement                                                       ; On                 ; On                 ;
; Auto DSP Block Replacement                                                 ; On                 ; On                 ;
; Auto Shift Register Replacement                                            ; Auto               ; Auto               ;
; Allow Shift Register Merging across Hierarchies                            ; Auto               ; Auto               ;
; Auto Clock Enable Replacement                                              ; On                 ; On                 ;
; Strict RAM Replacement                                                     ; Off                ; Off                ;
; Allow Synchronous Control Signals                                          ; On                 ; On                 ;
; Force Use of Synchronous Clear Signals                                     ; Off                ; Off                ;
; Auto RAM Block Balancing                                                   ; On                 ; On                 ;
; Auto RAM to Logic Cell Conversion                                          ; Off                ; Off                ;
; Auto Resource Sharing                                                      ; Off                ; Off                ;
; Allow Any RAM Size For Recognition                                         ; Off                ; Off                ;
; Allow Any ROM Size For Recognition                                         ; Off                ; Off                ;
; Allow Any Shift Register Size For Recognition                              ; Off                ; Off                ;
; Use LogicLock Constraints during Resource Balancing                        ; On                 ; On                 ;
; Ignore translate_off and synthesis_off directives                          ; Off                ; Off                ;
; Timing-Driven Synthesis                                                    ; On                 ; On                 ;
; Report Parameter Settings                                                  ; On                 ; On                 ;
; Report Source Assignments                                                  ; On                 ; On                 ;
; Report Connectivity Checks                                                 ; On                 ; On                 ;
; Ignore Maximum Fan-Out Assignments                                         ; Off                ; Off                ;
; Synchronization Register Chain Length                                      ; 2                  ; 2                  ;
; PowerPlay Power Optimization                                               ; Normal compilation ; Normal compilation ;
; HDL message level                                                          ; Level2             ; Level2             ;
; Suppress Register Optimization Related Messages                            ; Off                ; Off                ;
; Number of Removed Registers Reported in Synthesis Report                   ; 5000               ; 5000               ;
; Number of Swept Nodes Reported in Synthesis Report                         ; 5000               ; 5000               ;
; Number of Inverted Registers Reported in Synthesis Report                  ; 100                ; 100                ;
; Clock MUX Protection                                                       ; On                 ; On                 ;
; Auto Gated Clock Conversion                                                ; Off                ; Off                ;
; Block Design Naming                                                        ; Auto               ; Auto               ;
; SDC constraint protection                                                  ; Off                ; Off                ;
; Synthesis Effort                                                           ; Auto               ; Auto               ;
; Shift Register Replacement - Allow Asynchronous Clear Signal               ; On                 ; On                 ;
; Pre-Mapping Resynthesis Optimization                                       ; Off                ; Off                ;
; Analysis & Synthesis Message Level                                         ; Medium             ; Medium             ;
; Disable Register Merging Across Hierarchies                                ; Auto               ; Auto               ;
; Resource Aware Inference For Block RAM                                     ; On                 ; On                 ;
; Synthesis Seed                                                             ; 1                  ; 1                  ;
+----------------------------------------------------------------------------+--------------------+--------------------+


+------------------------------------------+
; Parallel Compilation                     ;
+----------------------------+-------------+
; Processors                 ; Number      ;
+----------------------------+-------------+
; Number detected on machine ; 8           ;
; Maximum allowed            ; 4           ;
;                            ;             ;
; Average used               ; 1.00        ;
; Maximum used               ; 2           ;
;                            ;             ;
; Usage by Processor         ; % Time Used ;
;     Processor 1            ; 100.0%      ;
;     Processor 2            ; < 0.1%      ;
;     Processors 3-8         ;   0.0%      ;
+----------------------------+-------------+


+----------------------------------------------------------------------------------------------------------------------------------------------------------------------------------+
; Analysis & Synthesis Source Files Read                                                                                                                                           ;
+------------------------------------+-----------------+------------------------------------+----------------------------------------------------------------------------+---------+
; File Name with User-Entered Path   ; Used in Netlist ; File Type                          ; File Name with Absolute Path                                               ; Library ;
+------------------------------------+-----------------+------------------------------------+----------------------------------------------------------------------------+---------+
; Count250000.vhd                    ; yes             ; User VHDL File                     ; D:/GITEA/GitHub/ES/pcbteach/VHDLstart03/Count250000.vhd                    ;         ;
; DynamicIllumination4Indicators.vhd ; yes             ; User VHDL File                     ; D:/GITEA/GitHub/ES/pcbteach/VHDLstart03/DynamicIllumination4Indicators.vhd ;         ;
; VHDLstart03.bdf                    ; yes             ; User Block Diagram/Schematic File  ; D:/GITEA/GitHub/ES/pcbteach/VHDLstart03/VHDLstart03.bdf                    ;         ;
; DataConversionUnit.vhd             ; yes             ; User VHDL File                     ; D:/GITEA/GitHub/ES/pcbteach/VHDLstart03/DataConversionUnit.vhd             ;         ;
; DigitalFilter8.vhd                 ; yes             ; User VHDL File                     ; D:/GITEA/GitHub/ES/pcbteach/VHDLstart03/DigitalFilter8.vhd                 ;         ;
; ReceiverUART.vhd                   ; yes             ; User VHDL File                     ; D:/GITEA/GitHub/ES/pcbteach/VHDLstart03/ReceiverUART.vhd                   ;         ;
; TransmitterUART.vhd                ; yes             ; User VHDL File                     ; D:/GITEA/GitHub/ES/pcbteach/VHDLstart03/TransmitterUART.vhd                ;         ;
; Setter.vhd                         ; yes             ; User VHDL File                     ; D:/GITEA/GitHub/ES/pcbteach/VHDLstart03/Setter.vhd                         ;         ;
+------------------------------------+-----------------+------------------------------------+----------------------------------------------------------------------------+---------+


+---------------------------------------------------------+
; Analysis & Synthesis Resource Usage Summary             ;
+---------------------------------------------+-----------+
; Resource                                    ; Usage     ;
+---------------------------------------------+-----------+
; Estimated Total logic elements              ; 182       ;
;                                             ;           ;
; Total combinational functions               ; 153       ;
; Logic element usage by number of LUT inputs ;           ;
;     -- 4 input functions                    ; 63        ;
;     -- 3 input functions                    ; 38        ;
;     -- <=2 input functions                  ; 52        ;
;                                             ;           ;
; Logic elements by mode                      ;           ;
;     -- normal mode                          ; 125       ;
;     -- arithmetic mode                      ; 28        ;
;                                             ;           ;
; Total registers                             ; 109       ;
;     -- Dedicated logic registers            ; 109       ;
;     -- I/O registers                        ; 0         ;
;                                             ;           ;
; I/O pins                                    ; 20        ;
; Embedded Multiplier 9-bit elements          ; 0         ;
; Maximum fan-out node                        ; clk~input ;
; Maximum fan-out                             ; 107       ;
; Total fan-out                               ; 777       ;
; Average fan-out                             ; 2.57      ;
+---------------------------------------------+-----------+


+--------------------------------------------------------------------------------------------------------------------------------------------------------------------------------------------------------------------------+
; Analysis & Synthesis Resource Utilization by Entity                                                                                                                                                                      ;
+-------------------------------------------+-------------------+--------------+-------------+--------------+---------+-----------+------+--------------+---------------------------------------------------+--------------+
; Compilation Hierarchy Node                ; LC Combinationals ; LC Registers ; Memory Bits ; DSP Elements ; DSP 9x9 ; DSP 18x18 ; Pins ; Virtual Pins ; Full Hierarchy Name                               ; Library Name ;
+-------------------------------------------+-------------------+--------------+-------------+--------------+---------+-----------+------+--------------+---------------------------------------------------+--------------+
; |VHDLstart03                              ; 153 (0)           ; 109 (0)      ; 0           ; 0            ; 0       ; 0         ; 20   ; 0            ; |VHDLstart03                                      ; work         ;
;    |Count250000:inst|                     ; 22 (22)           ; 18 (18)      ; 0           ; 0            ; 0       ; 0         ; 0    ; 0            ; |VHDLstart03|Count250000:inst                     ; work         ;
;    |DataConversionUnit:inst1|             ; 15 (15)           ; 9 (9)        ; 0           ; 0            ; 0       ; 0         ; 0    ; 0            ; |VHDLstart03|DataConversionUnit:inst1             ; work         ;
;    |DigitalFilter8:inst12|                ; 6 (6)             ; 5 (5)        ; 0           ; 0            ; 0       ; 0         ; 0    ; 0            ; |VHDLstart03|DigitalFilter8:inst12                ; work         ;
;    |DigitalFilter8:inst13|                ; 6 (6)             ; 5 (5)        ; 0           ; 0            ; 0       ; 0         ; 0    ; 0            ; |VHDLstart03|DigitalFilter8:inst13                ; work         ;
;    |DigitalFilter8:inst7|                 ; 6 (6)             ; 5 (5)        ; 0           ; 0            ; 0       ; 0         ; 0    ; 0            ; |VHDLstart03|DigitalFilter8:inst7                 ; work         ;
;    |DigitalFilter8:inst8|                 ; 6 (6)             ; 5 (5)        ; 0           ; 0            ; 0       ; 0         ; 0    ; 0            ; |VHDLstart03|DigitalFilter8:inst8                 ; work         ;
;    |DigitalFilter8:inst9|                 ; 6 (6)             ; 5 (5)        ; 0           ; 0            ; 0       ; 0         ; 0    ; 0            ; |VHDLstart03|DigitalFilter8:inst9                 ; work         ;
;    |DynamicIllumination4Indicators:inst2| ; 18 (18)           ; 2 (2)        ; 0           ; 0            ; 0       ; 0         ; 0    ; 0            ; |VHDLstart03|DynamicIllumination4Indicators:inst2 ; work         ;
;    |Setter:inst14|                        ; 28 (28)           ; 25 (25)      ; 0           ; 0            ; 0       ; 0         ; 0    ; 0            ; |VHDLstart03|Setter:inst14                        ; work         ;
;    |TransmitterUART:inst15|               ; 40 (40)           ; 30 (30)      ; 0           ; 0            ; 0       ; 0         ; 0    ; 0            ; |VHDLstart03|TransmitterUART:inst15               ; work         ;
+-------------------------------------------+-------------------+--------------+-------------+--------------+---------+-----------+------+--------------+---------------------------------------------------+--------------+
Note: For table entries with two numbers listed, the numbers in parentheses indicate the number of resources of the given type used by the specific entity alone. The numbers listed outside of parentheses indicate the total resources of the given type used by the specific entity and all of its sub-entities in the hierarchy.


Encoding Type:  One-Hot
+--------------------------------------------------------------------------------------------------------------------------------------+
; State Machine - |VHDLstart03|ReceiverUART:inst6|stateUART                                                                            ;
+-------------------------+--------------------+--------------------+-------------------------+--------------------+-------------------+
; Name                    ; stateUART.Updating ; stateUART.Stopping ; stateUART.ReceivingData ; stateUART.Starting ; stateUART.Waiting ;
+-------------------------+--------------------+--------------------+-------------------------+--------------------+-------------------+
; stateUART.Waiting       ; 0                  ; 0                  ; 0                       ; 0                  ; 0                 ;
; stateUART.Starting      ; 0                  ; 0                  ; 0                       ; 1                  ; 1                 ;
; stateUART.ReceivingData ; 0                  ; 0                  ; 1                       ; 0                  ; 1                 ;
; stateUART.Stopping      ; 0                  ; 1                  ; 0                       ; 0                  ; 1                 ;
; stateUART.Updating      ; 1                  ; 0                  ; 0                       ; 0                  ; 1                 ;
+-------------------------+--------------------+--------------------+-------------------------+--------------------+-------------------+


Encoding Type:  One-Hot
+-----------------------------------------------------------------------------------------------------------------+
; State Machine - |VHDLstart03|TransmitterUART:inst15|stateUART                                                   ;
+-------------------------+--------------------+-------------------------+--------------------+-------------------+
; Name                    ; stateUART.Stopping ; stateUART.ReceivingData ; stateUART.Starting ; stateUART.Waiting ;
+-------------------------+--------------------+-------------------------+--------------------+-------------------+
; stateUART.Waiting       ; 0                  ; 0                       ; 0                  ; 0                 ;
; stateUART.Starting      ; 0                  ; 0                       ; 1                  ; 1                 ;
; stateUART.ReceivingData ; 0                  ; 1                       ; 0                  ; 1                 ;
; stateUART.Stopping      ; 1                  ; 0                       ; 0                  ; 1                 ;
+-------------------------+--------------------+-------------------------+--------------------+-------------------+


+-----------------------------------------------------------------------------------------------------------------------------------+
; User-Specified and Inferred Latches                                                                                               ;
+-----------------------------------------------------+----------------------------------------------------+------------------------+
; Latch Name                                          ; Latch Enable Signal                                ; Free of Timing Hazards ;
+-----------------------------------------------------+----------------------------------------------------+------------------------+
; DynamicIllumination4Indicators:inst2|indicator[2]   ; DynamicIllumination4Indicators:inst2|clkCounter[1] ; yes                    ;
; DynamicIllumination4Indicators:inst2|indicator[1]   ; DynamicIllumination4Indicators:inst2|clkCounter[1] ; yes                    ;
; DynamicIllumination4Indicators:inst2|indicator[0]   ; DynamicIllumination4Indicators:inst2|clkCounter[1] ; yes                    ;
; DynamicIllumination4Indicators:inst2|segment[6]     ; DynamicIllumination4Indicators:inst2|clkCounter[1] ; yes                    ;
; DynamicIllumination4Indicators:inst2|segment[5]     ; DynamicIllumination4Indicators:inst2|clkCounter[1] ; yes                    ;
; DynamicIllumination4Indicators:inst2|segment[4]     ; DynamicIllumination4Indicators:inst2|clkCounter[1] ; yes                    ;
; DynamicIllumination4Indicators:inst2|segment[3]     ; DynamicIllumination4Indicators:inst2|clkCounter[1] ; yes                    ;
; DynamicIllumination4Indicators:inst2|segment[2]     ; DynamicIllumination4Indicators:inst2|clkCounter[1] ; yes                    ;
; DynamicIllumination4Indicators:inst2|segment[1]     ; DynamicIllumination4Indicators:inst2|clkCounter[1] ; yes                    ;
; DynamicIllumination4Indicators:inst2|segment[0]     ; DynamicIllumination4Indicators:inst2|clkCounter[1] ; yes                    ;
; Number of user-specified and inferred latches = 10  ;                                                    ;                        ;
+-----------------------------------------------------+----------------------------------------------------+------------------------+
Note: All latches listed above may not be present at the end of synthesis due to various synthesis optimizations.


+----------------------------------------------------------------------------------------------+
; Registers Removed During Synthesis                                                           ;
+--------------------------------------------+-------------------------------------------------+
; Register name                              ; Reason for Removal                              ;
+--------------------------------------------+-------------------------------------------------+
; TransmitterUART:inst15|updatePrev          ; Merged with DataConversionUnit:inst1|updatePrev ;
; DigitalFilter8:inst5|output                ; Lost fanout                                     ;
; ReceiverUART:inst6|rxPrev                  ; Lost fanout                                     ;
; ReceiverUART:inst6|count[3..12]            ; Lost fanout                                     ;
; ReceiverUART:inst6|bitPosition[0..2]       ; Lost fanout                                     ;
; DigitalFilter8:inst5|latch                 ; Lost fanout                                     ;
; DigitalFilter8:inst5|count[0..2]           ; Lost fanout                                     ;
; ReceiverUART:inst6|count[0..2]             ; Lost fanout                                     ;
; ReceiverUART:inst6|stateUART.Waiting       ; Lost fanout                                     ;
; ReceiverUART:inst6|stateUART.Starting      ; Lost fanout                                     ;
; ReceiverUART:inst6|stateUART.ReceivingData ; Lost fanout                                     ;
; ReceiverUART:inst6|stateUART.Stopping      ; Lost fanout                                     ;
; ReceiverUART:inst6|stateUART.Updating      ; Lost fanout                                     ;
; Total Number of Removed Registers = 28     ;                                                 ;
+--------------------------------------------+-------------------------------------------------+


+---------------------------------------------------------------------------------------------------------------------------------------------+
; Removed Registers Triggering Further Register Optimizations                                                                                 ;
+-----------------------------------+--------------------+------------------------------------------------------------------------------------+
; Register name                     ; Reason for Removal ; Registers Removed due to This Register                                             ;
+-----------------------------------+--------------------+------------------------------------------------------------------------------------+
; ReceiverUART:inst6|count[12]      ; Lost Fanouts       ; ReceiverUART:inst6|count[11], ReceiverUART:inst6|stateUART.Waiting,                ;
;                                   ;                    ; ReceiverUART:inst6|stateUART.Starting, ReceiverUART:inst6|stateUART.ReceivingData, ;
;                                   ;                    ; ReceiverUART:inst6|stateUART.Stopping, ReceiverUART:inst6|stateUART.Updating       ;
; DigitalFilter8:inst5|output       ; Lost Fanouts       ; DigitalFilter8:inst5|latch, DigitalFilter8:inst5|count[2],                         ;
;                                   ;                    ; DigitalFilter8:inst5|count[0], DigitalFilter8:inst5|count[1]                       ;
; ReceiverUART:inst6|bitPosition[2] ; Lost Fanouts       ; ReceiverUART:inst6|bitPosition[0], ReceiverUART:inst6|bitPosition[1]               ;
+-----------------------------------+--------------------+------------------------------------------------------------------------------------+


+------------------------------------------------------+
; General Register Statistics                          ;
+----------------------------------------------+-------+
; Statistic                                    ; Value ;
+----------------------------------------------+-------+
; Total registers                              ; 109   ;
; Number of registers using Synchronous Clear  ; 30    ;
; Number of registers using Synchronous Load   ; 0     ;
; Number of registers using Asynchronous Clear ; 0     ;
; Number of registers using Asynchronous Load  ; 0     ;
; Number of registers using Clock Enable       ; 37    ;
; Number of registers using Preset             ; 0     ;
+----------------------------------------------+-------+


+--------------------------------------------------+
; Inverted Register Statistics                     ;
+----------------------------------------+---------+
; Inverted Register                      ; Fan out ;
+----------------------------------------+---------+
; TransmitterUART:inst15|tx              ; 2       ;
; Setter:inst14|updateBuf                ; 8       ;
; Setter:inst14|resetPrev                ; 4       ;
; Setter:inst14|key4Prev                 ; 3       ;
; Setter:inst14|key3Prev                 ; 1       ;
; Setter:inst14|key2Prev                 ; 3       ;
; Setter:inst14|key1Prev                 ; 1       ;
; Total number of inverted registers = 7 ;         ;
+----------------------------------------+---------+


+----------------------------------------------------------------------------------------------------------------------------------------------------------------------+
; Multiplexer Restructuring Statistics (Restructuring Performed)                                                                                                       ;
+--------------------+-----------+---------------+----------------------+------------------------+------------+--------------------------------------------------------+
; Multiplexer Inputs ; Bus Width ; Baseline Area ; Area if Restructured ; Saving if Restructured ; Registered ; Example Multiplexer Output                             ;
+--------------------+-----------+---------------+----------------------+------------------------+------------+--------------------------------------------------------+
; 4:1                ; 13 bits   ; 26 LEs        ; 13 LEs               ; 13 LEs                 ; Yes        ; |VHDLstart03|TransmitterUART:inst15|count[8]           ;
; 4:1                ; 3 bits    ; 6 LEs         ; 3 LEs                ; 3 LEs                  ; Yes        ; |VHDLstart03|DigitalFilter8:inst5|count[2]             ;
; 4:1                ; 3 bits    ; 6 LEs         ; 3 LEs                ; 3 LEs                  ; Yes        ; |VHDLstart03|DigitalFilter8:inst13|count[0]            ;
; 4:1                ; 3 bits    ; 6 LEs         ; 3 LEs                ; 3 LEs                  ; Yes        ; |VHDLstart03|DigitalFilter8:inst9|count[1]             ;
; 4:1                ; 3 bits    ; 6 LEs         ; 3 LEs                ; 3 LEs                  ; Yes        ; |VHDLstart03|DigitalFilter8:inst12|count[1]            ;
; 4:1                ; 3 bits    ; 6 LEs         ; 3 LEs                ; 3 LEs                  ; Yes        ; |VHDLstart03|DigitalFilter8:inst7|count[2]             ;
; 4:1                ; 3 bits    ; 6 LEs         ; 3 LEs                ; 3 LEs                  ; Yes        ; |VHDLstart03|DigitalFilter8:inst8|count[0]             ;
; 5:1                ; 3 bits    ; 9 LEs         ; 6 LEs                ; 3 LEs                  ; Yes        ; |VHDLstart03|Setter:inst14|dataBuf1[3]                 ;
; 5:1                ; 3 bits    ; 9 LEs         ; 6 LEs                ; 3 LEs                  ; Yes        ; |VHDLstart03|Setter:inst14|dataBuf0[3]                 ;
; 8:1                ; 13 bits   ; 65 LEs        ; 13 LEs               ; 52 LEs                 ; Yes        ; |VHDLstart03|ReceiverUART:inst6|count[5]               ;
; 4:1                ; 7 bits    ; 14 LEs        ; 14 LEs               ; 0 LEs                  ; No         ; |VHDLstart03|DynamicIllumination4Indicators:inst2|Mux7 ;
; 7:1                ; 2 bits    ; 8 LEs         ; 4 LEs                ; 4 LEs                  ; No         ; |VHDLstart03|TransmitterUART:inst15|Selector3          ;
; 9:1                ; 3 bits    ; 18 LEs        ; 12 LEs               ; 6 LEs                  ; No         ; |VHDLstart03|ReceiverUART:inst6|Selector2              ;
; 9:1                ; 2 bits    ; 12 LEs        ; 6 LEs                ; 6 LEs                  ; No         ; |VHDLstart03|TransmitterUART:inst15|Selector0          ;
; 10:1               ; 2 bits    ; 12 LEs        ; 6 LEs                ; 6 LEs                  ; No         ; |VHDLstart03|ReceiverUART:inst6|Selector0              ;
+--------------------+-----------+---------------+----------------------+------------------------+------------+--------------------------------------------------------+


+-------------------------------+
; Elapsed Time Per Partition    ;
+----------------+--------------+
; Partition Name ; Elapsed Time ;
+----------------+--------------+
; Top            ; 00:00:00     ;
+----------------+--------------+


+-------------------------------+
; Analysis & Synthesis Messages ;
+-------------------------------+
Info: *******************************************************************
Info: Running Quartus II 64-Bit Analysis & Synthesis
    Info: Version 13.1.0 Build 162 10/23/2013 SJ Full Version
    Info: Processing started: Thu Feb 22 16:06:21 2024
Info: Command: quartus_map --read_settings_files=on --write_settings_files=off VHDLstart03 -c VHDLstart03
Info (11104): Parallel Compilation has detected 8 hyper-threaded processors. However, the extra hyper-threaded processors will not be used by default. Parallel Compilation will use 4 of the 4 physical processors detected instead.
Info (12021): Found 2 design units, including 1 entities, in source file count250000.vhd
    Info (12022): Found design unit 1: Count250000-Behavioral
    Info (12023): Found entity 1: Count250000
Info (12021): Found 2 design units, including 1 entities, in source file dynamicillumination4indicators.vhd
    Info (12022): Found design unit 1: DynamicIllumination4Indicators-Behavioral
    Info (12023): Found entity 1: DynamicIllumination4Indicators
Info (12021): Found 1 design units, including 1 entities, in source file vhdlstart03.bdf
    Info (12023): Found entity 1: VHDLstart03
Info (12021): Found 2 design units, including 1 entities, in source file dataconversionunit.vhd
    Info (12022): Found design unit 1: DataConversionUnit-Behavioral
    Info (12023): Found entity 1: DataConversionUnit
Info (12021): Found 2 design units, including 1 entities, in source file digitalfilter8.vhd
    Info (12022): Found design unit 1: DigitalFilter8-Behavioral
    Info (12023): Found entity 1: DigitalFilter8
Info (12021): Found 2 design units, including 1 entities, in source file receiveruart.vhd
    Info (12022): Found design unit 1: ReceiverUART-Behavioral
    Info (12023): Found entity 1: ReceiverUART
Info (12021): Found 2 design units, including 1 entities, in source file transmitteruart.vhd
    Info (12022): Found design unit 1: TransmitterUART-Behavioral
    Info (12023): Found entity 1: TransmitterUART
Info (12021): Found 2 design units, including 1 entities, in source file setter.vhd
    Info (12022): Found design unit 1: Setter-Behavioral
    Info (12023): Found entity 1: Setter
Info (12127): Elaborating entity "VHDLstart03" for the top level hierarchy
Warning (275080): Converted elements in bus name "indicator" using legacy naming rules. Make any assignments on the new names, not on the original names.
    Warning (275081): Converted element name(s) from "indicator[3..0]" to "indicator3..0"
Warning (275080): Converted elements in bus name "indicator0" using legacy naming rules. Make any assignments on the new names, not on the original names.
    Warning (275081): Converted element name(s) from "indicator0[6..0]" to "indicator06..0"
Warning (275080): Converted elements in bus name "indicator1" using legacy naming rules. Make any assignments on the new names, not on the original names.
    Warning (275081): Converted element name(s) from "indicator1[6..0]" to "indicator16..0"
Warning (275080): Converted elements in bus name "indicator2" using legacy naming rules. Make any assignments on the new names, not on the original names.
    Warning (275081): Converted element name(s) from "indicator2[6..0]" to "indicator26..0"
Warning (275080): Converted elements in bus name "indicator3" using legacy naming rules. Make any assignments on the new names, not on the original names.
    Warning (275081): Converted element name(s) from "indicator3[6..0]" to "indicator36..0"
Info (12128): Elaborating entity "TransmitterUART" for hierarchy "TransmitterUART:inst15"
Info (12128): Elaborating entity "Setter" for hierarchy "Setter:inst14"
Info (12128): Elaborating entity "DigitalFilter8" for hierarchy "DigitalFilter8:inst7"
Info (12128): Elaborating entity "DynamicIllumination4Indicators" for hierarchy "DynamicIllumination4Indicators:inst2"
Warning (10492): VHDL Process Statement warning at DynamicIllumination4Indicators.vhd(36): signal "enable" is read inside the Process Statement but isn't in the Process Statement's sensitivity list
Warning (10492): VHDL Process Statement warning at DynamicIllumination4Indicators.vhd(36): signal "indicator0" is read inside the Process Statement but isn't in the Process Statement's sensitivity list
Warning (10492): VHDL Process Statement warning at DynamicIllumination4Indicators.vhd(37): signal "enable" is read inside the Process Statement but isn't in the Process Statement's sensitivity list
Warning (10492): VHDL Process Statement warning at DynamicIllumination4Indicators.vhd(37): signal "indicator1" is read inside the Process Statement but isn't in the Process Statement's sensitivity list
Warning (10492): VHDL Process Statement warning at DynamicIllumination4Indicators.vhd(38): signal "enable" is read inside the Process Statement but isn't in the Process Statement's sensitivity list
Warning (10492): VHDL Process Statement warning at DynamicIllumination4Indicators.vhd(38): signal "indicator2" is read inside the Process Statement but isn't in the Process Statement's sensitivity list
Warning (10492): VHDL Process Statement warning at DynamicIllumination4Indicators.vhd(39): signal "enable" is read inside the Process Statement but isn't in the Process Statement's sensitivity list
Warning (10492): VHDL Process Statement warning at DynamicIllumination4Indicators.vhd(39): signal "indicator3" is read inside the Process Statement but isn't in the Process Statement's sensitivity list
Warning (10631): VHDL Process Statement warning at DynamicIllumination4Indicators.vhd(33): inferring latch(es) for signal or variable "indicator", which holds its previous value in one or more paths through the process
Warning (10631): VHDL Process Statement warning at DynamicIllumination4Indicators.vhd(33): inferring latch(es) for signal or variable "segment", which holds its previous value in one or more paths through the process
Info (10041): Inferred latch for "segment[0]" at DynamicIllumination4Indicators.vhd(33)
Info (10041): Inferred latch for "segment[1]" at DynamicIllumination4Indicators.vhd(33)
Info (10041): Inferred latch for "segment[2]" at DynamicIllumination4Indicators.vhd(33)
Info (10041): Inferred latch for "segment[3]" at DynamicIllumination4Indicators.vhd(33)
Info (10041): Inferred latch for "segment[4]" at DynamicIllumination4Indicators.vhd(33)
Info (10041): Inferred latch for "segment[5]" at DynamicIllumination4Indicators.vhd(33)
Info (10041): Inferred latch for "segment[6]" at DynamicIllumination4Indicators.vhd(33)
Info (10041): Inferred latch for "indicator[0]" at DynamicIllumination4Indicators.vhd(33)
Info (10041): Inferred latch for "indicator[1]" at DynamicIllumination4Indicators.vhd(33)
Info (10041): Inferred latch for "indicator[2]" at DynamicIllumination4Indicators.vhd(33)
Info (10041): Inferred latch for "indicator[3]" at DynamicIllumination4Indicators.vhd(33)
Info (12128): Elaborating entity "Count250000" for hierarchy "Count250000:inst"
Info (12128): Elaborating entity "DataConversionUnit" for hierarchy "DataConversionUnit:inst1"
Info (12128): Elaborating entity "ReceiverUART" for hierarchy "ReceiverUART:inst6"
Warning (13024): Output pins are stuck at VCC or GND
    Warning (13410): Pin "indicator[3]" is stuck at VCC
    Warning (13410): Pin "indicator[2]" is stuck at VCC
Info (286030): Timing-Driven Synthesis is running
Info (17049): 27 registers lost all their fanouts during netlist optimizations.
Info (16010): Generating hard_block partition "hard_block:auto_generated_inst"
    Info (16011): Adding 0 node(s), including 0 DDIO, 0 PLL, 0 transceiver and 0 LCELL
Warning (21074): Design contains 1 input pin(s) that do not drive logic
    Warning (15610): No output dependent on input pin "rx"
Info (21057): Implemented 202 device resources after synthesis - the final resource count might be different
    Info (21058): Implemented 7 input pins
    Info (21059): Implemented 13 output pins
    Info (21061): Implemented 182 logic cells
Info: Quartus II 64-Bit Analysis & Synthesis was successful. 0 errors, 25 warnings
    Info: Peak virtual memory: 4684 megabytes
    Info: Processing ended: Thu Feb 22 16:06:23 2024
    Info: Elapsed time: 00:00:02
    Info: Total CPU time (on all processors): 00:00:02


