Flow report for 19_PD_VHDL
Mon Apr  8 15:58:30 2024
Quartus Prime Version 22.1std.0 Build 915 10/25/2022 SC Standard Edition


---------------------
; Table of Contents ;
---------------------
  1. Legal Notice
  2. Flow Summary
  3. Flow Settings
  4. Flow Non-Default Global Settings
  5. Flow Elapsed Time
  6. Flow OS Summary
  7. Flow Log
  8. Flow Messages
  9. Flow Suppressed Messages



----------------
; Legal Notice ;
----------------
Copyright (C) 2022  Intel Corporation. All rights reserved.
Your use of Intel Corporation's design tools, logic functions 
and other software and tools, and any partner logic 
functions, and any output files from any of the foregoing 
(including device programming or simulation files), and any 
associated documentation or information are expressly subject 
to the terms and conditions of the Intel Program License 
Subscription Agreement, the Intel Quartus Prime License Agreement,
the Intel FPGA IP License Agreement, or other applicable license
agreement, including, without limitation, that your use is for
the sole purpose of programming logic devices manufactured by
Intel and sold by Intel or its authorized distributors.  Please
refer to the applicable agreement for further details, at
https://fpgasoftware.intel.com/eula.



+-----------------------------------------------------------------------------------------+
; Flow Summary                                                                            ;
+------------------------------------+----------------------------------------------------+
; Flow Status                        ; Successful - Mon Apr  8 15:58:27 2024              ;
; Quartus Prime Version              ; 22.1std.0 Build 915 10/25/2022 SC Standard Edition ;
; Revision Name                      ; 19_PD_VHDL                                         ;
; Top-level Entity Name              ; top_level                                          ;
; Family                             ; Cyclone IV E                                       ;
; Device                             ; EP4CE6E22C8                                        ;
; Timing Models                      ; Final                                              ;
; Total logic elements               ; 472 / 6,272 ( 8 % )                                ;
;     Total combinational functions  ; 416 / 6,272 ( 7 % )                                ;
;     Dedicated logic registers      ; 165 / 6,272 ( 3 % )                                ;
; Total registers                    ; 165                                                ;
; Total pins                         ; 26 / 92 ( 28 % )                                   ;
; Total virtual pins                 ; 0                                                  ;
; Total memory bits                  ; 0 / 276,480 ( 0 % )                                ;
; Embedded Multiplier 9-bit elements ; 0 / 30 ( 0 % )                                     ;
; Total PLLs                         ; 0 / 2 ( 0 % )                                      ;
+------------------------------------+----------------------------------------------------+


+-----------------------------------------+
; Flow Settings                           ;
+-------------------+---------------------+
; Option            ; Setting             ;
+-------------------+---------------------+
; Start date & time ; 04/08/2024 15:58:01 ;
; Main task         ; Compilation         ;
; Revision Name     ; 19_PD_VHDL          ;
+-------------------+---------------------+


+-------------------------------------------------------------------------------------------------------------------------+
; Flow Non-Default Global Settings                                                                                        ;
+-------------------------------------+----------------------------------------+---------------+-------------+------------+
; Assignment Name                     ; Value                                  ; Default Value ; Entity Name ; Section Id ;
+-------------------------------------+----------------------------------------+---------------+-------------+------------+
; COMPILER_SIGNATURE_ID               ; 10995770589189.171258108101988         ; --            ; --          ; --         ;
; ENABLE_SIGNALTAP                    ; On                                     ; --            ; --          ; --         ;
; MAX_CORE_JUNCTION_TEMP              ; 85                                     ; --            ; --          ; --         ;
; MIN_CORE_JUNCTION_TEMP              ; 0                                      ; --            ; --          ; --         ;
; PARTITION_COLOR                     ; -- (Not supported for targeted family) ; --            ; top_level   ; Top        ;
; PARTITION_FITTER_PRESERVATION_LEVEL ; -- (Not supported for targeted family) ; --            ; top_level   ; Top        ;
; PARTITION_NETLIST_TYPE              ; -- (Not supported for targeted family) ; --            ; top_level   ; Top        ;
; POWER_BOARD_THERMAL_MODEL           ; None (CONSERVATIVE)                    ; --            ; --          ; --         ;
; POWER_PRESET_COOLING_SOLUTION       ; 23 MM HEAT SINK WITH 200 LFPM AIRFLOW  ; --            ; --          ; --         ;
; TOP_LEVEL_ENTITY                    ; top_level                              ; 19_PD_VHDL    ; --          ; --         ;
; USE_SIGNALTAP_FILE                  ; i2c_uart_test.stp                      ; --            ; --          ; --         ;
+-------------------------------------+----------------------------------------+---------------+-------------+------------+


+--------------------------------------------------------------------------------------------------------------------------+
; Flow Elapsed Time                                                                                                        ;
+----------------------+--------------+-------------------------+---------------------+------------------------------------+
; Module Name          ; Elapsed Time ; Average Processors Used ; Peak Virtual Memory ; Total CPU Time (on all processors) ;
+----------------------+--------------+-------------------------+---------------------+------------------------------------+
; Analysis & Synthesis ; 00:00:18     ; 1.0                     ; 4865 MB             ; 00:00:44                           ;
; Fitter               ; 00:00:05     ; 1.1                     ; 5555 MB             ; 00:00:07                           ;
; Assembler            ; 00:00:01     ; 1.0                     ; 4723 MB             ; 00:00:01                           ;
; Timing Analyzer      ; 00:00:02     ; 1.0                     ; 4784 MB             ; 00:00:02                           ;
; Total                ; 00:00:26     ; --                      ; --                  ; 00:00:54                           ;
+----------------------+--------------+-------------------------+---------------------+------------------------------------+


+------------------------------------------------------------------------------------+
; Flow OS Summary                                                                    ;
+----------------------+------------------+------------+------------+----------------+
; Module Name          ; Machine Hostname ; OS Name    ; OS Version ; Processor type ;
+----------------------+------------------+------------+------------+----------------+
; Analysis & Synthesis ; STAS-W10         ; Windows 10 ; 10.0       ; x86_64         ;
; Fitter               ; STAS-W10         ; Windows 10 ; 10.0       ; x86_64         ;
; Assembler            ; STAS-W10         ; Windows 10 ; 10.0       ; x86_64         ;
; Timing Analyzer      ; STAS-W10         ; Windows 10 ; 10.0       ; x86_64         ;
+----------------------+------------------+------------+------------+----------------+


------------
; Flow Log ;
------------
quartus_map --read_settings_files=on --write_settings_files=off 19_PD_VHDL -c 19_PD_VHDL
quartus_fit --read_settings_files=off --write_settings_files=off 19_PD_VHDL -c 19_PD_VHDL
quartus_asm --read_settings_files=off --write_settings_files=off 19_PD_VHDL -c 19_PD_VHDL
quartus_sta 19_PD_VHDL -c 19_PD_VHDL



