Flow report for IPblock
Sun Mar 31 13:53:11 2024
Quartus II 64-Bit Version 13.1.0 Build 162 10/23/2013 SJ Full Version


---------------------
; Table of Contents ;
---------------------
  1. Legal Notice
  2. Flow Summary
  3. Flow Settings
  4. Flow Non-Default Global Settings
  5. Flow Elapsed Time
  6. Flow OS Summary
  7. Flow Log
  8. Flow Messages
  9. Flow Suppressed Messages



----------------
; Legal Notice ;
----------------
Copyright (C) 1991-2013 Altera Corporation
Your use of Altera Corporation's design tools, logic functions 
and other software and tools, and its AMPP partner logic 
functions, and any output files from any of the foregoing 
(including device programming or simulation files), and any 
associated documentation or information are expressly subject 
to the terms and conditions of the Altera Program License 
Subscription Agreement, Altera MegaCore Function License 
Agreement, or other applicable license agreement, including, 
without limitation, that your use is for the sole purpose of 
programming logic devices manufactured by Altera and sold by 
Altera or its authorized distributors.  Please refer to the 
applicable agreement for further details.



+----------------------------------------------------------------------------------+
; Flow Summary                                                                     ;
+------------------------------------+---------------------------------------------+
; Flow Status                        ; Successful - Sun Mar 31 13:53:11 2024       ;
; Quartus II 64-Bit Version          ; 13.1.0 Build 162 10/23/2013 SJ Full Version ;
; Revision Name                      ; IPblock                                     ;
; Top-level Entity Name              ; IPblock                                     ;
; Family                             ; Cyclone IV E                                ;
; Device                             ; EP4CE10E22C8                                ;
; Timing Models                      ; Final                                       ;
; Total logic elements               ; 68 / 10,320 ( < 1 % )                       ;
;     Total combinational functions  ; 66 / 10,320 ( < 1 % )                       ;
;     Dedicated logic registers      ; 31 / 10,320 ( < 1 % )                       ;
; Total registers                    ; 31                                          ;
; Total pins                         ; 7 / 92 ( 8 % )                              ;
; Total virtual pins                 ; 0                                           ;
; Total memory bits                  ; 0 / 423,936 ( 0 % )                         ;
; Embedded Multiplier 9-bit elements ; 0 / 46 ( 0 % )                              ;
; Total PLLs                         ; 1 / 2 ( 50 % )                              ;
+------------------------------------+---------------------------------------------+


+-----------------------------------------+
; Flow Settings                           ;
+-------------------+---------------------+
; Option            ; Setting             ;
+-------------------+---------------------+
; Start date & time ; 03/31/2024 13:52:55 ;
; Main task         ; Compilation         ;
; Revision Name     ; IPblock             ;
+-------------------+---------------------+


+---------------------------------------------------------------------------------------------------------------------+
; Flow Non-Default Global Settings                                                                                    ;
+-------------------------------------+--------------------------------+---------------+-------------+----------------+
; Assignment Name                     ; Value                          ; Default Value ; Entity Name ; Section Id     ;
+-------------------------------------+--------------------------------+---------------+-------------+----------------+
; COMPILER_SIGNATURE_ID               ; 66160494706865.171188237523848 ; --            ; --          ; --             ;
; EDA_OUTPUT_DATA_FORMAT              ; Vhdl                           ; --            ; --          ; eda_simulation ;
; EDA_SIMULATION_TOOL                 ; ModelSim-Altera (VHDL)         ; <None>        ; --          ; --             ;
; IP_TOOL_NAME                        ; ALTPLL                         ; --            ; --          ; --             ;
; IP_TOOL_NAME                        ; LPM_COUNTER                    ; --            ; --          ; --             ;
; IP_TOOL_NAME                        ; LPM_COUNTER                    ; --            ; --          ; --             ;
; IP_TOOL_NAME                        ; LPM_COUNTER                    ; --            ; --          ; --             ;
; IP_TOOL_NAME                        ; LPM_COUNTER                    ; --            ; --          ; --             ;
; IP_TOOL_VERSION                     ; 13.1                           ; --            ; --          ; --             ;
; IP_TOOL_VERSION                     ; 13.1                           ; --            ; --          ; --             ;
; IP_TOOL_VERSION                     ; 13.1                           ; --            ; --          ; --             ;
; IP_TOOL_VERSION                     ; 13.1                           ; --            ; --          ; --             ;
; IP_TOOL_VERSION                     ; 13.1                           ; --            ; --          ; --             ;
; MAX_CORE_JUNCTION_TEMP              ; 85                             ; --            ; --          ; --             ;
; MIN_CORE_JUNCTION_TEMP              ; 0                              ; --            ; --          ; --             ;
; MISC_FILE                           ; AltPLL01.bsf                   ; --            ; --          ; --             ;
; MISC_FILE                           ; AltPLL01.cmp                   ; --            ; --          ; --             ;
; MISC_FILE                           ; AltPLL01.ppf                   ; --            ; --          ; --             ;
; MISC_FILE                           ; CountM9.bsf                    ; --            ; --          ; --             ;
; MISC_FILE                           ; CountM9.cmp                    ; --            ; --          ; --             ;
; MISC_FILE                           ; CountM4.bsf                    ; --            ; --          ; --             ;
; MISC_FILE                           ; CountM4.cmp                    ; --            ; --          ; --             ;
; MISC_FILE                           ; CountM2.bsf                    ; --            ; --          ; --             ;
; MISC_FILE                           ; CountM2.cmp                    ; --            ; --          ; --             ;
; MISC_FILE                           ; CountM1.bsf                    ; --            ; --          ; --             ;
; MISC_FILE                           ; CountM1.cmp                    ; --            ; --          ; --             ;
; NOMINAL_CORE_SUPPLY_VOLTAGE         ; 1.2V                           ; --            ; --          ; --             ;
; PARTITION_COLOR                     ; 16764057                       ; --            ; --          ; Top            ;
; PARTITION_FITTER_PRESERVATION_LEVEL ; PLACEMENT_AND_ROUTING          ; --            ; --          ; Top            ;
; PARTITION_NETLIST_TYPE              ; SOURCE                         ; --            ; --          ; Top            ;
; PROJECT_OUTPUT_DIRECTORY            ; output_files                   ; --            ; --          ; --             ;
+-------------------------------------+--------------------------------+---------------+-------------+----------------+


+-------------------------------------------------------------------------------------------------------------------------------+
; Flow Elapsed Time                                                                                                             ;
+---------------------------+--------------+-------------------------+---------------------+------------------------------------+
; Module Name               ; Elapsed Time ; Average Processors Used ; Peak Virtual Memory ; Total CPU Time (on all processors) ;
+---------------------------+--------------+-------------------------+---------------------+------------------------------------+
; Analysis & Synthesis      ; 00:00:02     ; 1.0                     ; 4705 MB             ; 00:00:02                           ;
; Fitter                    ; 00:00:04     ; 2.7                     ; 5534 MB             ; 00:00:05                           ;
; Assembler                 ; 00:00:00     ; 1.0                     ; 4576 MB             ; 00:00:01                           ;
; TimeQuest Timing Analyzer ; 00:00:03     ; 2.5                     ; 4693 MB             ; 00:00:02                           ;
; EDA Netlist Writer        ; 00:00:01     ; 1.0                     ; 4545 MB             ; 00:00:01                           ;
; Total                     ; 00:00:10     ; --                      ; --                  ; 00:00:11                           ;
+---------------------------+--------------+-------------------------+---------------------+------------------------------------+


+----------------------------------------------------------------------------------------+
; Flow OS Summary                                                                        ;
+---------------------------+------------------+-----------+------------+----------------+
; Module Name               ; Machine Hostname ; OS Name   ; OS Version ; Processor type ;
+---------------------------+------------------+-----------+------------+----------------+
; Analysis & Synthesis      ; Stas             ; Windows 7 ; 6.2        ; x86_64         ;
; Fitter                    ; Stas             ; Windows 7 ; 6.2        ; x86_64         ;
; Assembler                 ; Stas             ; Windows 7 ; 6.2        ; x86_64         ;
; TimeQuest Timing Analyzer ; Stas             ; Windows 7 ; 6.2        ; x86_64         ;
; EDA Netlist Writer        ; Stas             ; Windows 7 ; 6.2        ; x86_64         ;
+---------------------------+------------------+-----------+------------+----------------+


------------
; Flow Log ;
------------
quartus_map --read_settings_files=on --write_settings_files=off IPblock -c IPblock
quartus_fit --read_settings_files=off --write_settings_files=off IPblock -c IPblock
quartus_asm --read_settings_files=off --write_settings_files=off IPblock -c IPblock
quartus_sta IPblock -c IPblock
quartus_eda --read_settings_files=off --write_settings_files=off IPblock -c IPblock



